<?xml version="1.0" encoding="UTF-8"?>
<Site BuildName="(empty)"
	BuildStamp="20241213-1718-Experimental"
	Name="(empty)"
	Generator="ctest-3.31.1"
	CompilerName=""
	CompilerVersion=""
	OSName="Windows"
	Hostname="DESKTOP-RB4PP4C"
	OSRelease=" Professional"
	OSVersion=" (Build 19045)"
	OSPlatform="AMD64"
	Is64Bits="1"
	VendorString="GenuineIntel"
	VendorID="Intel Corporation"
	FamilyID="6"
	ModelID="10"
	ModelName=""
	ProcessorCacheSize="-1"
	NumberOfLogicalCPU="4"
	NumberOfPhysicalCPU="2"
	TotalVirtualMemory="13224"
	TotalPhysicalMemory="4008"
	LogicalProcessorsPerPhysical="2"
	ProcessorClockFrequency="2494"
	>
	<Testing>
		<StartDateTime>Dec 14 00:18 [NON-UTF-8-BYTE-0xCD][NON-UTF-8-BYTE-0xEE][NON-UTF-8-BYTE-0xE2][NON-UTF-8-BYTE-0xEE][NON-UTF-8-BYTE-0xF1][NON-UTF-8-BYTE-0xE8][NON-UTF-8-BYTE-0xE1][NON-UTF-8-BYTE-0xE8][NON-UTF-8-BYTE-0xF0][NON-UTF-8-BYTE-0xF1][NON-UTF-8-BYTE-0xEA][NON-UTF-8-BYTE-0xEE][NON-UTF-8-BYTE-0xE5] [NON-UTF-8-BYTE-0xF1][NON-UTF-8-BYTE-0xF2][NON-UTF-8-BYTE-0xE0][NON-UTF-8-BYTE-0xED][NON-UTF-8-BYTE-0xE4][NON-UTF-8-BYTE-0xE0][NON-UTF-8-BYTE-0xF0][NON-UTF-8-BYTE-0xF2][NON-UTF-8-BYTE-0xED][NON-UTF-8-BYTE-0xEE][NON-UTF-8-BYTE-0xE5] [NON-UTF-8-BYTE-0xE2][NON-UTF-8-BYTE-0xF0][NON-UTF-8-BYTE-0xE5][NON-UTF-8-BYTE-0xEC][NON-UTF-8-BYTE-0xFF]</StartDateTime>
		<StartTestTime>1734110312</StartTestTime>
		<TestList/>
		<EndDateTime>Dec 14 00:18 [NON-UTF-8-BYTE-0xCD][NON-UTF-8-BYTE-0xEE][NON-UTF-8-BYTE-0xE2][NON-UTF-8-BYTE-0xEE][NON-UTF-8-BYTE-0xF1][NON-UTF-8-BYTE-0xE8][NON-UTF-8-BYTE-0xE1][NON-UTF-8-BYTE-0xE8][NON-UTF-8-BYTE-0xF0][NON-UTF-8-BYTE-0xF1][NON-UTF-8-BYTE-0xEA][NON-UTF-8-BYTE-0xEE][NON-UTF-8-BYTE-0xE5] [NON-UTF-8-BYTE-0xF1][NON-UTF-8-BYTE-0xF2][NON-UTF-8-BYTE-0xE0][NON-UTF-8-BYTE-0xED][NON-UTF-8-BYTE-0xE4][NON-UTF-8-BYTE-0xE0][NON-UTF-8-BYTE-0xF0][NON-UTF-8-BYTE-0xF2][NON-UTF-8-BYTE-0xED][NON-UTF-8-BYTE-0xEE][NON-UTF-8-BYTE-0xE5] [NON-UTF-8-BYTE-0xE2][NON-UTF-8-BYTE-0xF0][NON-UTF-8-BYTE-0xE5][NON-UTF-8-BYTE-0xEC][NON-UTF-8-BYTE-0xFF]</EndDateTime>
		<EndTestTime>1734110312</EndTestTime>
		<ElapsedMinutes>0</ElapsedMinutes>
	</Testing>
</Site>
